<?xml version="1.0" encoding="UTF-8"?>
<testng-results skipped="0" failed="0" total="1" passed="1">
  <reporter-output>
  </reporter-output>
  <suite name="project2.Test2" duration-ms="31" started-at="2019-01-08T10:43:26Z" finished-at="2019-01-08T10:43:26Z">
    <groups>
    </groups>
    <test name="Command line test" duration-ms="31" started-at="2019-01-08T10:43:26Z" finished-at="2019-01-08T10:43:26Z">
      <class name="project2.Test2">
        <test-method status="PASS" signature="testMethod2()[pri:0, instance:project2.Test2@35f983a6]" name="testMethod2" duration-ms="16" started-at="2019-01-08T16:13:26Z" finished-at="2019-01-08T16:13:26Z">
          <reporter-output>
          </reporter-output>
        </test-method> <!-- testMethod2 -->
      </class> <!-- project2.Test2 -->
    </test> <!-- Command line test -->
  </suite> <!-- project2.Test2 -->
</testng-results>
